/mnt/scratch/l_watson/batchinfer/venv/lib/python3.12/site-packages/transformers/utils/hub.py:111: FutureWarning: Using `TRANSFORMERS_CACHE` is deprecated and will be removed in v5 of Transformers. Use `HF_HOME` instead.
  warnings.warn(
`torch_dtype` is deprecated! Use `dtype` instead!
Loading checkpoint shards:   0%|          | 0/2 [00:00<?, ?it/s]Loading checkpoint shards:  50%|█████     | 1/2 [00:00<00:00,  1.66it/s]Loading checkpoint shards: 100%|██████████| 2/2 [00:01<00:00,  2.04it/s]Loading checkpoint shards: 100%|██████████| 2/2 [00:01<00:00,  1.97it/s]
/mnt/scratch/l_watson/batchinfer/venv/lib/python3.12/site-packages/torch/cuda/__init__.py:829: UserWarning: Can't initialize NVML
  warnings.warn("Can't initialize NVML")
[INFO] Test items: 100  (processing: 100)
[    1/100] OK  0JVmVXLrNZo:23 -> 0JVmVXLrNZo.23.json (img 1280x720, prompt_len=1203, tokens=178, 15.86s)
[    2/100] OK  0JVmVXLrNZo:62 -> 0JVmVXLrNZo.62.json (img 1280x720, prompt_len=1203, tokens=195, 14.86s)
[    3/100] OK  0JVmVXLrNZo:64 -> 0JVmVXLrNZo.64.json (img 1280x720, prompt_len=1203, tokens=198, 13.11s)
[    4/100] OK  0JVmVXLrNZo:150 -> 0JVmVXLrNZo.150.json (img 1280x720, prompt_len=1203, tokens=174, 11.54s)
[    5/100] OK  1mB0G1AwUPg:99 -> 1mB0G1AwUPg.99.json (img 1280x720, prompt_len=1203, tokens=535, 34.79s)
[    6/100] OK  1mB0G1AwUPg:279 -> 1mB0G1AwUPg.279.json (img 1280x720, prompt_len=1203, tokens=434, 28.24s)
[    7/100] OK  1mB0G1AwUPg:290 -> 1mB0G1AwUPg.290.json (img 1280x720, prompt_len=1203, tokens=473, 30.73s)
[    8/100] OK  1mB0G1AwUPg:304 -> 1mB0G1AwUPg.304.json (img 1280x720, prompt_len=1203, tokens=468, 30.44s)
[    9/100] OK  3rtzSsuJ4Ng:5 -> 3rtzSsuJ4Ng.5.json (img 1280x720, prompt_len=1203, tokens=469, 30.59s)
[   10/100] OK  3rtzSsuJ4Ng:19 -> 3rtzSsuJ4Ng.19.json (img 1280x720, prompt_len=1203, tokens=8, 0.86s)
[   11/100] OK  3rtzSsuJ4Ng:143 -> 3rtzSsuJ4Ng.143.json (img 1280x720, prompt_len=1203, tokens=625, 40.56s)
[   12/100] OK  3rtzSsuJ4Ng:163 -> 3rtzSsuJ4Ng.163.json (img 1280x720, prompt_len=1203, tokens=8, 0.86s)
[   13/100] OK  4eWzsx1vAi8:64 -> 4eWzsx1vAi8.64.json (img 1280x720, prompt_len=1203, tokens=299, 19.59s)
[   14/100] OK  4eWzsx1vAi8:66 -> 4eWzsx1vAi8.66.json (img 1280x720, prompt_len=1203, tokens=412, 26.77s)
[   15/100] OK  4eWzsx1vAi8:94 -> 4eWzsx1vAi8.94.json (img 1280x720, prompt_len=1203, tokens=243, 16.03s)
[   16/100] OK  4eWzsx1vAi8:196 -> 4eWzsx1vAi8.196.json (img 1280x720, prompt_len=1203, tokens=522, 33.94s)
[   17/100] OK  8fVUcbC8MgM:24 -> 8fVUcbC8MgM.24.json (img 1280x719, prompt_len=1203, tokens=748, 48.44s)
[   18/100] OK  8fVUcbC8MgM:73 -> 8fVUcbC8MgM.73.json (img 1280x719, prompt_len=1203, tokens=486, 31.57s)
[   19/100] OK  8fVUcbC8MgM:231 -> 8fVUcbC8MgM.231.json (img 1280x719, prompt_len=1203, tokens=636, 41.21s)
[   20/100] OK  8fVUcbC8MgM:286 -> 8fVUcbC8MgM.286.json (img 1280x719, prompt_len=1203, tokens=466, 30.26s)
[   21/100] OK  Aa4rc5Exz24:50 -> Aa4rc5Exz24.50.json (img 1280x720, prompt_len=1203, tokens=299, 19.57s)
[   22/100] OK  Aa4rc5Exz24:91 -> Aa4rc5Exz24.91.json (img 1280x720, prompt_len=1203, tokens=367, 23.94s)
[   23/100] OK  Aa4rc5Exz24:99 -> Aa4rc5Exz24.99.json (img 1280x720, prompt_len=1203, tokens=236, 15.53s)
[   24/100] OK  Aa4rc5Exz24:139 -> Aa4rc5Exz24.139.json (img 1280x720, prompt_len=1203, tokens=356, 23.21s)
[   25/100] OK  BByjyvBp6gI:88 -> BByjyvBp6gI.88.json (img 1280x720, prompt_len=1203, tokens=353, 23.00s)
[   26/100] OK  BByjyvBp6gI:89 -> BByjyvBp6gI.89.json (img 1280x720, prompt_len=1203, tokens=430, 27.92s)
[   27/100] OK  BByjyvBp6gI:244 -> BByjyvBp6gI.244.json (img 1280x720, prompt_len=1203, tokens=486, 31.59s)
[   28/100] OK  BByjyvBp6gI:265 -> BByjyvBp6gI.265.json (img 1280x720, prompt_len=1203, tokens=474, 30.88s)
[   29/100] OK  Gf4eEhDpxgk:7 -> Gf4eEhDpxgk.7.json (img 1278x720, prompt_len=1203, tokens=547, 35.47s)
[   30/100] OK  Gf4eEhDpxgk:32 -> Gf4eEhDpxgk.32.json (img 1278x720, prompt_len=1203, tokens=275, 18.06s)
[   31/100] OK  Gf4eEhDpxgk:157 -> Gf4eEhDpxgk.157.json (img 1278x720, prompt_len=1203, tokens=253, 16.62s)
[   32/100] OK  Gf4eEhDpxgk:166 -> Gf4eEhDpxgk.166.json (img 1278x720, prompt_len=1203, tokens=341, 22.24s)
[   33/100] OK  I9nR5rDP7nQ:18 -> I9nR5rDP7nQ.18.json (img 1280x720, prompt_len=1203, tokens=431, 28.09s)
[   34/100] OK  I9nR5rDP7nQ:72 -> I9nR5rDP7nQ.72.json (img 1280x720, prompt_len=1203, tokens=221, 14.56s)
[   35/100] OK  I9nR5rDP7nQ:203 -> I9nR5rDP7nQ.203.json (img 1280x720, prompt_len=1203, tokens=919, 59.35s)
[   36/100] OK  I9nR5rDP7nQ:244 -> I9nR5rDP7nQ.244.json (img 1280x720, prompt_len=1203, tokens=239, 15.70s)
[   37/100] OK  JzU12Qf5FPg:126 -> JzU12Qf5FPg.126.json (img 960x720, prompt_len=987, tokens=672, 43.38s)
[   38/100] OK  JzU12Qf5FPg:436 -> JzU12Qf5FPg.436.json (img 960x720, prompt_len=987, tokens=456, 29.57s)
[   39/100] OK  JzU12Qf5FPg:484 -> JzU12Qf5FPg.484.json (img 960x720, prompt_len=987, tokens=307, 19.99s)
[   40/100] OK  JzU12Qf5FPg:503 -> JzU12Qf5FPg.503.json (img 960x720, prompt_len=987, tokens=369, 23.95s)
[   41/100] OK  M5TwnzHdT2Q:58 -> M5TwnzHdT2Q.58.json (img 1280x720, prompt_len=1203, tokens=295, 19.35s)
[   42/100] OK  M5TwnzHdT2Q:65 -> M5TwnzHdT2Q.65.json (img 1280x720, prompt_len=1203, tokens=423, 27.51s)
[   43/100] OK  M5TwnzHdT2Q:67 -> M5TwnzHdT2Q.67.json (img 1280x720, prompt_len=1203, tokens=304, 19.93s)
[   44/100] OK  M5TwnzHdT2Q:69 -> M5TwnzHdT2Q.69.json (img 1280x720, prompt_len=1203, tokens=302, 19.81s)
[   45/100] OK  N3xXYO9UYxU:131 -> N3xXYO9UYxU.131.json (img 960x720, prompt_len=987, tokens=366, 23.86s)
[   46/100] OK  N3xXYO9UYxU:149 -> N3xXYO9UYxU.149.json (img 960x720, prompt_len=987, tokens=430, 27.90s)
[   47/100] OK  N3xXYO9UYxU:221 -> N3xXYO9UYxU.221.json (img 960x720, prompt_len=987, tokens=605, 39.22s)
[   48/100] OK  N3xXYO9UYxU:222 -> N3xXYO9UYxU.222.json (img 960x720, prompt_len=987, tokens=403, 26.17s)
[   49/100] OK  Nbl97Bp3Kzw:27 -> Nbl97Bp3Kzw.27.json (img 1280x720, prompt_len=1203, tokens=67, 4.65s)
[   50/100] OK  Nbl97Bp3Kzw:57 -> Nbl97Bp3Kzw.57.json (img 1280x720, prompt_len=1203, tokens=304, 19.93s)
[   51/100] OK  Nbl97Bp3Kzw:130 -> Nbl97Bp3Kzw.130.json (img 1280x720, prompt_len=1203, tokens=402, 26.23s)
[   52/100] OK  Nbl97Bp3Kzw:156 -> Nbl97Bp3Kzw.156.json (img 1280x720, prompt_len=1203, tokens=399, 26.03s)
[   53/100] OK  TFJ6oR89Vb8:55 -> TFJ6oR89Vb8.55.json (img 1280x720, prompt_len=1203, tokens=297, 19.44s)
[   54/100] OK  TFJ6oR89Vb8:91 -> TFJ6oR89Vb8.91.json (img 1280x720, prompt_len=1203, tokens=254, 16.70s)
[   55/100] OK  TFJ6oR89Vb8:95 -> TFJ6oR89Vb8.95.json (img 1280x720, prompt_len=1203, tokens=258, 16.99s)
[   56/100] OK  TFJ6oR89Vb8:125 -> TFJ6oR89Vb8.125.json (img 1280x720, prompt_len=1203, tokens=368, 24.02s)
[   57/100] OK  VcIF3HOI9wI:37 -> VcIF3HOI9wI.37.json (img 1280x720, prompt_len=1203, tokens=308, 20.12s)
[   58/100] OK  VcIF3HOI9wI:185 -> VcIF3HOI9wI.185.json (img 1280x720, prompt_len=1203, tokens=409, 26.64s)
[   59/100] OK  VcIF3HOI9wI:255 -> VcIF3HOI9wI.255.json (img 1280x720, prompt_len=1203, tokens=467, 30.42s)
[   60/100] OK  VcIF3HOI9wI:276 -> VcIF3HOI9wI.276.json (img 1280x720, prompt_len=1203, tokens=548, 35.72s)
[   61/100] OK  XsALTvYUTI8:27 -> XsALTvYUTI8.27.json (img 1280x720, prompt_len=1203, tokens=176, 11.67s)
[   62/100] OK  XsALTvYUTI8:105 -> XsALTvYUTI8.105.json (img 1280x720, prompt_len=1203, tokens=352, 22.98s)
[   63/100] OK  XsALTvYUTI8:122 -> XsALTvYUTI8.122.json (img 1280x720, prompt_len=1203, tokens=244, 16.09s)
[   64/100] OK  XsALTvYUTI8:135 -> XsALTvYUTI8.135.json (img 1280x720, prompt_len=1203, tokens=194, 12.83s)
[   65/100] OK  YMcabXHzylg:33 -> YMcabXHzylg.33.json (img 1280x720, prompt_len=1203, tokens=308, 20.17s)
[   66/100] OK  YMcabXHzylg:69 -> YMcabXHzylg.69.json (img 1280x720, prompt_len=1203, tokens=172, 11.41s)
[   67/100] OK  YMcabXHzylg:102 -> YMcabXHzylg.102.json (img 1280x720, prompt_len=1203, tokens=233, 15.39s)
[   68/100] OK  YMcabXHzylg:308 -> YMcabXHzylg.308.json (img 1280x720, prompt_len=1203, tokens=173, 11.46s)
[   69/100] OK  YSes0R7EksY:206 -> YSes0R7EksY.206.json (img 1280x720, prompt_len=1203, tokens=867, 56.10s)
[   70/100] OK  YSes0R7EksY:306 -> YSes0R7EksY.306.json (img 1280x720, prompt_len=1203, tokens=262, 17.17s)
[   71/100] OK  YSes0R7EksY:368 -> YSes0R7EksY.368.json (img 1280x720, prompt_len=1203, tokens=848, 54.87s)
[   72/100] OK  YSes0R7EksY:430 -> YSes0R7EksY.430.json (img 1280x720, prompt_len=1203, tokens=1136, 73.33s)
[   73/100] OK  Zi0Ou5dfsWs:25 -> Zi0Ou5dfsWs.25.json (img 1280x720, prompt_len=1203, tokens=184, 12.22s)
[   74/100] OK  Zi0Ou5dfsWs:389 -> Zi0Ou5dfsWs.389.json (img 1280x720, prompt_len=1203, tokens=301, 19.79s)
[   75/100] OK  Zi0Ou5dfsWs:418 -> Zi0Ou5dfsWs.418.json (img 1280x720, prompt_len=1203, tokens=361, 23.53s)
[   76/100] OK  Zi0Ou5dfsWs:423 -> Zi0Ou5dfsWs.423.json (img 1280x720, prompt_len=1203, tokens=426, 27.76s)
[   77/100] OK  coYqrXsDPdU:24 -> coYqrXsDPdU.24.json (img 960x720, prompt_len=987, tokens=180, 11.87s)
[   78/100] OK  coYqrXsDPdU:99 -> coYqrXsDPdU.99.json (img 960x720, prompt_len=987, tokens=243, 15.91s)
[   79/100] OK  coYqrXsDPdU:118 -> coYqrXsDPdU.118.json (img 960x720, prompt_len=987, tokens=178, 11.73s)
[   80/100] OK  coYqrXsDPdU:257 -> coYqrXsDPdU.257.json (img 960x720, prompt_len=987, tokens=192, 12.63s)
[   81/100] OK  hXkepSgN_zo:1 -> hXkepSgN_zo.1.json (img 1280x720, prompt_len=1203, tokens=618, 40.14s)
[   82/100] OK  hXkepSgN_zo:59 -> hXkepSgN_zo.59.json (img 1280x720, prompt_len=1203, tokens=250, 16.51s)
[   83/100] OK  hXkepSgN_zo:186 -> hXkepSgN_zo.186.json (img 1280x720, prompt_len=1203, tokens=286, 18.79s)
[   84/100] OK  hXkepSgN_zo:197 -> hXkepSgN_zo.197.json (img 1280x720, prompt_len=1203, tokens=176, 11.67s)
[   85/100] OK  n2Tq29hTKgM:86 -> n2Tq29hTKgM.86.json (img 960x720, prompt_len=987, tokens=180, 11.89s)
[   86/100] OK  n2Tq29hTKgM:282 -> n2Tq29hTKgM.282.json (img 960x720, prompt_len=987, tokens=300, 19.59s)
[   87/100] OK  n2Tq29hTKgM:323 -> n2Tq29hTKgM.323.json (img 960x720, prompt_len=987, tokens=431, 28.01s)
[   88/100] OK  n2Tq29hTKgM:525 -> n2Tq29hTKgM.525.json (img 960x720, prompt_len=987, tokens=319, 20.78s)
[   89/100] OK  oP6PR4KfH0A:29 -> oP6PR4KfH0A.29.json (img 1280x720, prompt_len=1203, tokens=292, 19.16s)
[   90/100] OK  oP6PR4KfH0A:30 -> oP6PR4KfH0A.30.json (img 1280x720, prompt_len=1203, tokens=293, 19.22s)
[   91/100] OK  oP6PR4KfH0A:72 -> oP6PR4KfH0A.72.json (img 1280x720, prompt_len=1203, tokens=297, 19.48s)
[   92/100] OK  oP6PR4KfH0A:392 -> oP6PR4KfH0A.392.json (img 1280x720, prompt_len=1203, tokens=356, 23.34s)
[   93/100] OK  pluBtIfxUvE:128 -> pluBtIfxUvE.128.json (img 1280x720, prompt_len=1203, tokens=174, 11.60s)
[   94/100] OK  pluBtIfxUvE:153 -> pluBtIfxUvE.153.json (img 1280x720, prompt_len=1203, tokens=174, 11.55s)
[   95/100] OK  pluBtIfxUvE:180 -> pluBtIfxUvE.180.json (img 1280x720, prompt_len=1203, tokens=306, 20.06s)
[   96/100] OK  pluBtIfxUvE:194 -> pluBtIfxUvE.194.json (img 1280x720, prompt_len=1203, tokens=320, 21.03s)
[   97/100] OK  usexIHfWXK8:68 -> usexIHfWXK8.68.json (img 1280x720, prompt_len=1203, tokens=252, 16.58s)
[   98/100] OK  usexIHfWXK8:95 -> usexIHfWXK8.95.json (img 1280x720, prompt_len=1203, tokens=8, 0.86s)
[   99/100] OK  usexIHfWXK8:111 -> usexIHfWXK8.111.json (img 1280x720, prompt_len=1203, tokens=370, 24.19s)
[  100/100] OK  usexIHfWXK8:135 -> usexIHfWXK8.135.json (img 1280x720, prompt_len=1203, tokens=311, 20.38s)
[DONE] Wrote predictions to /mnt/scratch/l_watson/checkpointExperiment/preds/3B-QKVO-Gate/1
[DONE] Manifest: /mnt/scratch/l_watson/checkpointExperiment/preds/3B-QKVO-Gate/1/manifest.csv
