/mnt/scratch/l_watson/batchinfer/venv/lib/python3.12/site-packages/transformers/utils/hub.py:111: FutureWarning: Using `TRANSFORMERS_CACHE` is deprecated and will be removed in v5 of Transformers. Use `HF_HOME` instead.
  warnings.warn(
`torch_dtype` is deprecated! Use `dtype` instead!
Loading checkpoint shards:   0%|          | 0/2 [00:00<?, ?it/s]Loading checkpoint shards:  50%|█████     | 1/2 [00:00<00:00,  1.67it/s]Loading checkpoint shards: 100%|██████████| 2/2 [00:01<00:00,  2.06it/s]Loading checkpoint shards: 100%|██████████| 2/2 [00:01<00:00,  1.99it/s]
/mnt/scratch/l_watson/batchinfer/venv/lib/python3.12/site-packages/torch/cuda/__init__.py:829: UserWarning: Can't initialize NVML
  warnings.warn("Can't initialize NVML")
[INFO] Test items: 100  (processing: 100)
[    1/100] OK  0JVmVXLrNZo:23 -> 0JVmVXLrNZo.23.json (img 1280x720, prompt_len=1203, tokens=185, 13.29s)
[    2/100] OK  0JVmVXLrNZo:62 -> 0JVmVXLrNZo.62.json (img 1280x720, prompt_len=1203, tokens=198, 13.37s)
[    3/100] OK  0JVmVXLrNZo:64 -> 0JVmVXLrNZo.64.json (img 1280x720, prompt_len=1203, tokens=182, 12.31s)
[    4/100] OK  0JVmVXLrNZo:150 -> 0JVmVXLrNZo.150.json (img 1280x720, prompt_len=1203, tokens=176, 11.93s)
[    5/100] OK  1mB0G1AwUPg:99 -> 1mB0G1AwUPg.99.json (img 1280x720, prompt_len=1203, tokens=647, 43.08s)
[    6/100] OK  1mB0G1AwUPg:279 -> 1mB0G1AwUPg.279.json (img 1280x720, prompt_len=1203, tokens=496, 33.06s)
[    7/100] OK  1mB0G1AwUPg:290 -> 1mB0G1AwUPg.290.json (img 1280x720, prompt_len=1203, tokens=600, 39.91s)
[    8/100] OK  1mB0G1AwUPg:304 -> 1mB0G1AwUPg.304.json (img 1280x720, prompt_len=1203, tokens=619, 41.17s)
[    9/100] OK  3rtzSsuJ4Ng:5 -> 3rtzSsuJ4Ng.5.json (img 1280x720, prompt_len=1203, tokens=337, 22.53s)
[   10/100] OK  3rtzSsuJ4Ng:19 -> 3rtzSsuJ4Ng.19.json (img 1280x720, prompt_len=1203, tokens=8, 0.79s)
[   11/100] OK  3rtzSsuJ4Ng:143 -> 3rtzSsuJ4Ng.143.json (img 1280x720, prompt_len=1203, tokens=567, 37.75s)
[   12/100] OK  3rtzSsuJ4Ng:163 -> 3rtzSsuJ4Ng.163.json (img 1280x720, prompt_len=1203, tokens=8, 0.79s)
[   13/100] OK  4eWzsx1vAi8:64 -> 4eWzsx1vAi8.64.json (img 1280x720, prompt_len=1203, tokens=308, 20.64s)
[   14/100] OK  4eWzsx1vAi8:66 -> 4eWzsx1vAi8.66.json (img 1280x720, prompt_len=1203, tokens=342, 22.88s)
[   15/100] OK  4eWzsx1vAi8:94 -> 4eWzsx1vAi8.94.json (img 1280x720, prompt_len=1203, tokens=249, 16.75s)
[   16/100] OK  4eWzsx1vAi8:196 -> 4eWzsx1vAi8.196.json (img 1280x720, prompt_len=1203, tokens=604, 40.22s)
[   17/100] OK  8fVUcbC8MgM:24 -> 8fVUcbC8MgM.24.json (img 1280x719, prompt_len=1203, tokens=794, 52.82s)
[   18/100] OK  8fVUcbC8MgM:73 -> 8fVUcbC8MgM.73.json (img 1280x719, prompt_len=1203, tokens=311, 20.83s)
[   19/100] OK  8fVUcbC8MgM:231 -> 8fVUcbC8MgM.231.json (img 1280x719, prompt_len=1203, tokens=557, 37.08s)
[   20/100] OK  8fVUcbC8MgM:286 -> 8fVUcbC8MgM.286.json (img 1280x719, prompt_len=1203, tokens=413, 27.62s)
[   21/100] OK  Aa4rc5Exz24:50 -> Aa4rc5Exz24.50.json (img 1280x720, prompt_len=1203, tokens=299, 20.01s)
[   22/100] OK  Aa4rc5Exz24:91 -> Aa4rc5Exz24.91.json (img 1280x720, prompt_len=1203, tokens=295, 19.78s)
[   23/100] OK  Aa4rc5Exz24:99 -> Aa4rc5Exz24.99.json (img 1280x720, prompt_len=1203, tokens=291, 19.52s)
[   24/100] OK  Aa4rc5Exz24:139 -> Aa4rc5Exz24.139.json (img 1280x720, prompt_len=1203, tokens=376, 25.13s)
[   25/100] OK  BByjyvBp6gI:88 -> BByjyvBp6gI.88.json (img 1280x720, prompt_len=1203, tokens=295, 19.80s)
[   26/100] OK  BByjyvBp6gI:89 -> BByjyvBp6gI.89.json (img 1280x720, prompt_len=1203, tokens=369, 24.71s)
[   27/100] OK  BByjyvBp6gI:244 -> BByjyvBp6gI.244.json (img 1280x720, prompt_len=1203, tokens=422, 28.18s)
[   28/100] OK  BByjyvBp6gI:265 -> BByjyvBp6gI.265.json (img 1280x720, prompt_len=1203, tokens=810, 53.82s)
[   29/100] OK  Gf4eEhDpxgk:7 -> Gf4eEhDpxgk.7.json (img 1278x720, prompt_len=1203, tokens=476, 31.70s)
[   30/100] OK  Gf4eEhDpxgk:32 -> Gf4eEhDpxgk.32.json (img 1278x720, prompt_len=1203, tokens=242, 16.27s)
[   31/100] OK  Gf4eEhDpxgk:157 -> Gf4eEhDpxgk.157.json (img 1278x720, prompt_len=1203, tokens=251, 16.84s)
[   32/100] OK  Gf4eEhDpxgk:166 -> Gf4eEhDpxgk.166.json (img 1278x720, prompt_len=1203, tokens=302, 20.22s)
[   33/100] OK  I9nR5rDP7nQ:18 -> I9nR5rDP7nQ.18.json (img 1280x720, prompt_len=1203, tokens=543, 36.14s)
[   34/100] OK  I9nR5rDP7nQ:72 -> I9nR5rDP7nQ.72.json (img 1280x720, prompt_len=1203, tokens=168, 11.39s)
[   35/100] OK  I9nR5rDP7nQ:203 -> I9nR5rDP7nQ.203.json (img 1280x720, prompt_len=1203, tokens=893, 59.39s)
[   36/100] OK  I9nR5rDP7nQ:244 -> I9nR5rDP7nQ.244.json (img 1280x720, prompt_len=1203, tokens=235, 15.83s)
[   37/100] OK  JzU12Qf5FPg:126 -> JzU12Qf5FPg.126.json (img 960x720, prompt_len=987, tokens=711, 47.28s)
[   38/100] OK  JzU12Qf5FPg:436 -> JzU12Qf5FPg.436.json (img 960x720, prompt_len=987, tokens=412, 27.45s)
[   39/100] OK  JzU12Qf5FPg:484 -> JzU12Qf5FPg.484.json (img 960x720, prompt_len=987, tokens=465, 30.97s)
[   40/100] OK  JzU12Qf5FPg:503 -> JzU12Qf5FPg.503.json (img 960x720, prompt_len=987, tokens=356, 23.73s)
[   41/100] OK  M5TwnzHdT2Q:58 -> M5TwnzHdT2Q.58.json (img 1280x720, prompt_len=1203, tokens=301, 20.17s)
[   42/100] OK  M5TwnzHdT2Q:65 -> M5TwnzHdT2Q.65.json (img 1280x720, prompt_len=1203, tokens=421, 28.14s)
[   43/100] OK  M5TwnzHdT2Q:67 -> M5TwnzHdT2Q.67.json (img 1280x720, prompt_len=1203, tokens=295, 19.81s)
[   44/100] OK  M5TwnzHdT2Q:69 -> M5TwnzHdT2Q.69.json (img 1280x720, prompt_len=1203, tokens=369, 24.67s)
[   45/100] OK  N3xXYO9UYxU:131 -> N3xXYO9UYxU.131.json (img 960x720, prompt_len=987, tokens=315, 21.05s)
[   46/100] OK  N3xXYO9UYxU:149 -> N3xXYO9UYxU.149.json (img 960x720, prompt_len=987, tokens=313, 20.91s)
[   47/100] OK  N3xXYO9UYxU:221 -> N3xXYO9UYxU.221.json (img 960x720, prompt_len=987, tokens=420, 28.00s)
[   48/100] OK  N3xXYO9UYxU:222 -> N3xXYO9UYxU.222.json (img 960x720, prompt_len=987, tokens=368, 24.59s)
[   49/100] OK  Nbl97Bp3Kzw:27 -> Nbl97Bp3Kzw.27.json (img 1280x720, prompt_len=1203, tokens=71, 4.96s)
[   50/100] OK  Nbl97Bp3Kzw:57 -> Nbl97Bp3Kzw.57.json (img 1280x720, prompt_len=1203, tokens=242, 16.28s)
[   51/100] OK  Nbl97Bp3Kzw:130 -> Nbl97Bp3Kzw.130.json (img 1280x720, prompt_len=1203, tokens=469, 31.29s)
[   52/100] OK  Nbl97Bp3Kzw:156 -> Nbl97Bp3Kzw.156.json (img 1280x720, prompt_len=1203, tokens=309, 20.73s)
[   53/100] OK  TFJ6oR89Vb8:55 -> TFJ6oR89Vb8.55.json (img 1280x720, prompt_len=1203, tokens=283, 18.98s)
[   54/100] OK  TFJ6oR89Vb8:91 -> TFJ6oR89Vb8.91.json (img 1280x720, prompt_len=1203, tokens=258, 17.32s)
[   55/100] OK  TFJ6oR89Vb8:95 -> TFJ6oR89Vb8.95.json (img 1280x720, prompt_len=1203, tokens=264, 17.75s)
[   56/100] OK  TFJ6oR89Vb8:125 -> TFJ6oR89Vb8.125.json (img 1280x720, prompt_len=1203, tokens=352, 23.56s)
[   57/100] OK  VcIF3HOI9wI:37 -> VcIF3HOI9wI.37.json (img 1280x720, prompt_len=1203, tokens=342, 22.90s)
[   58/100] OK  VcIF3HOI9wI:185 -> VcIF3HOI9wI.185.json (img 1280x720, prompt_len=1203, tokens=485, 32.38s)
[   59/100] OK  VcIF3HOI9wI:255 -> VcIF3HOI9wI.255.json (img 1280x720, prompt_len=1203, tokens=495, 33.06s)
[   60/100] OK  VcIF3HOI9wI:276 -> VcIF3HOI9wI.276.json (img 1280x720, prompt_len=1203, tokens=484, 32.32s)
[   61/100] OK  XsALTvYUTI8:27 -> XsALTvYUTI8.27.json (img 1280x720, prompt_len=1203, tokens=176, 11.93s)
[   62/100] OK  XsALTvYUTI8:105 -> XsALTvYUTI8.105.json (img 1280x720, prompt_len=1203, tokens=189, 12.77s)
[   63/100] OK  XsALTvYUTI8:122 -> XsALTvYUTI8.122.json (img 1280x720, prompt_len=1203, tokens=242, 16.28s)
[   64/100] OK  XsALTvYUTI8:135 -> XsALTvYUTI8.135.json (img 1280x720, prompt_len=1203, tokens=237, 15.93s)
[   65/100] OK  YMcabXHzylg:33 -> YMcabXHzylg.33.json (img 1280x720, prompt_len=1203, tokens=246, 16.54s)
[   66/100] OK  YMcabXHzylg:69 -> YMcabXHzylg.69.json (img 1280x720, prompt_len=1203, tokens=174, 11.78s)
[   67/100] OK  YMcabXHzylg:102 -> YMcabXHzylg.102.json (img 1280x720, prompt_len=1203, tokens=172, 11.65s)
[   68/100] OK  YMcabXHzylg:308 -> YMcabXHzylg.308.json (img 1280x720, prompt_len=1203, tokens=173, 11.71s)
[   69/100] OK  YSes0R7EksY:206 -> YSes0R7EksY.206.json (img 1280x720, prompt_len=1203, tokens=673, 44.83s)
[   70/100] OK  YSes0R7EksY:306 -> YSes0R7EksY.306.json (img 1280x720, prompt_len=1203, tokens=309, 20.70s)
[   71/100] OK  YSes0R7EksY:368 -> YSes0R7EksY.368.json (img 1280x720, prompt_len=1203, tokens=1001, 66.58s)
[   72/100] OK  YSes0R7EksY:430 -> YSes0R7EksY.430.json (img 1280x720, prompt_len=1203, tokens=1102, 73.18s)
[   73/100] OK  Zi0Ou5dfsWs:25 -> Zi0Ou5dfsWs.25.json (img 1280x720, prompt_len=1203, tokens=121, 8.28s)
[   74/100] OK  Zi0Ou5dfsWs:389 -> Zi0Ou5dfsWs.389.json (img 1280x720, prompt_len=1203, tokens=313, 20.98s)
[   75/100] OK  Zi0Ou5dfsWs:418 -> Zi0Ou5dfsWs.418.json (img 1280x720, prompt_len=1203, tokens=306, 20.56s)
[   76/100] OK  Zi0Ou5dfsWs:423 -> Zi0Ou5dfsWs.423.json (img 1280x720, prompt_len=1203, tokens=243, 16.35s)
[   77/100] OK  coYqrXsDPdU:24 -> coYqrXsDPdU.24.json (img 960x720, prompt_len=987, tokens=178, 11.99s)
[   78/100] OK  coYqrXsDPdU:99 -> coYqrXsDPdU.99.json (img 960x720, prompt_len=987, tokens=177, 11.90s)
[   79/100] OK  coYqrXsDPdU:118 -> coYqrXsDPdU.118.json (img 960x720, prompt_len=987, tokens=178, 11.97s)
[   80/100] OK  coYqrXsDPdU:257 -> coYqrXsDPdU.257.json (img 960x720, prompt_len=987, tokens=179, 12.05s)
[   81/100] OK  hXkepSgN_zo:1 -> hXkepSgN_zo.1.json (img 1280x720, prompt_len=1203, tokens=727, 48.33s)
[   82/100] OK  hXkepSgN_zo:59 -> hXkepSgN_zo.59.json (img 1280x720, prompt_len=1203, tokens=193, 13.06s)
[   83/100] OK  hXkepSgN_zo:186 -> hXkepSgN_zo.186.json (img 1280x720, prompt_len=1203, tokens=237, 15.97s)
[   84/100] OK  hXkepSgN_zo:197 -> hXkepSgN_zo.197.json (img 1280x720, prompt_len=1203, tokens=174, 11.80s)
[   85/100] OK  n2Tq29hTKgM:86 -> n2Tq29hTKgM.86.json (img 960x720, prompt_len=987, tokens=177, 11.93s)
[   86/100] OK  n2Tq29hTKgM:282 -> n2Tq29hTKgM.282.json (img 960x720, prompt_len=987, tokens=308, 20.59s)
[   87/100] OK  n2Tq29hTKgM:323 -> n2Tq29hTKgM.323.json (img 960x720, prompt_len=987, tokens=362, 24.18s)
[   88/100] OK  n2Tq29hTKgM:525 -> n2Tq29hTKgM.525.json (img 960x720, prompt_len=987, tokens=379, 25.29s)
[   89/100] OK  oP6PR4KfH0A:29 -> oP6PR4KfH0A.29.json (img 1280x720, prompt_len=1203, tokens=293, 19.66s)
[   90/100] OK  oP6PR4KfH0A:30 -> oP6PR4KfH0A.30.json (img 1280x720, prompt_len=1203, tokens=294, 19.73s)
[   91/100] OK  oP6PR4KfH0A:72 -> oP6PR4KfH0A.72.json (img 1280x720, prompt_len=1203, tokens=303, 20.31s)
[   92/100] OK  oP6PR4KfH0A:392 -> oP6PR4KfH0A.392.json (img 1280x720, prompt_len=1203, tokens=354, 23.69s)
[   93/100] OK  pluBtIfxUvE:128 -> pluBtIfxUvE.128.json (img 1280x720, prompt_len=1203, tokens=240, 16.16s)
[   94/100] OK  pluBtIfxUvE:153 -> pluBtIfxUvE.153.json (img 1280x720, prompt_len=1203, tokens=173, 11.72s)
[   95/100] OK  pluBtIfxUvE:180 -> pluBtIfxUvE.180.json (img 1280x720, prompt_len=1203, tokens=225, 15.18s)
[   96/100] OK  pluBtIfxUvE:194 -> pluBtIfxUvE.194.json (img 1280x720, prompt_len=1203, tokens=318, 21.33s)
[   97/100] OK  usexIHfWXK8:68 -> usexIHfWXK8.68.json (img 1280x720, prompt_len=1203, tokens=249, 16.74s)
[   98/100] OK  usexIHfWXK8:95 -> usexIHfWXK8.95.json (img 1280x720, prompt_len=1203, tokens=8, 0.79s)
[   99/100] OK  usexIHfWXK8:111 -> usexIHfWXK8.111.json (img 1280x720, prompt_len=1203, tokens=305, 20.45s)
[  100/100] OK  usexIHfWXK8:135 -> usexIHfWXK8.135.json (img 1280x720, prompt_len=1203, tokens=351, 23.50s)
[DONE] Wrote predictions to /mnt/scratch/l_watson/checkpointExperiment/preds/3B-QKVO/2
[DONE] Manifest: /mnt/scratch/l_watson/checkpointExperiment/preds/3B-QKVO/2/manifest.csv
