/mnt/scratch/l_watson/batchinfer/venv/lib/python3.12/site-packages/transformers/utils/hub.py:111: FutureWarning: Using `TRANSFORMERS_CACHE` is deprecated and will be removed in v5 of Transformers. Use `HF_HOME` instead.
  warnings.warn(
`torch_dtype` is deprecated! Use `dtype` instead!
Loading checkpoint shards:   0%|          | 0/2 [00:00<?, ?it/s]Loading checkpoint shards:  50%|█████     | 1/2 [00:00<00:00,  1.65it/s]Loading checkpoint shards: 100%|██████████| 2/2 [00:01<00:00,  2.06it/s]Loading checkpoint shards: 100%|██████████| 2/2 [00:01<00:00,  1.98it/s]
/mnt/scratch/l_watson/batchinfer/venv/lib/python3.12/site-packages/torch/cuda/__init__.py:829: UserWarning: Can't initialize NVML
  warnings.warn("Can't initialize NVML")
[INFO] Test items: 100  (processing: 100)
[    1/100] OK  0JVmVXLrNZo:23 -> 0JVmVXLrNZo.23.json (img 1280x720, prompt_len=1203, tokens=249, 17.38s)
[    2/100] OK  0JVmVXLrNZo:62 -> 0JVmVXLrNZo.62.json (img 1280x720, prompt_len=1203, tokens=195, 13.12s)
[    3/100] OK  0JVmVXLrNZo:64 -> 0JVmVXLrNZo.64.json (img 1280x720, prompt_len=1203, tokens=198, 13.33s)
[    4/100] OK  0JVmVXLrNZo:150 -> 0JVmVXLrNZo.150.json (img 1280x720, prompt_len=1203, tokens=176, 11.88s)
[    5/100] OK  1mB0G1AwUPg:99 -> 1mB0G1AwUPg.99.json (img 1280x720, prompt_len=1203, tokens=550, 36.29s)
[    6/100] OK  1mB0G1AwUPg:279 -> 1mB0G1AwUPg.279.json (img 1280x720, prompt_len=1203, tokens=481, 31.89s)
[    7/100] OK  1mB0G1AwUPg:290 -> 1mB0G1AwUPg.290.json (img 1280x720, prompt_len=1203, tokens=600, 39.65s)
[    8/100] OK  1mB0G1AwUPg:304 -> 1mB0G1AwUPg.304.json (img 1280x720, prompt_len=1203, tokens=559, 36.97s)
[    9/100] OK  3rtzSsuJ4Ng:5 -> 3rtzSsuJ4Ng.5.json (img 1280x720, prompt_len=1203, tokens=474, 31.38s)
[   10/100] OK  3rtzSsuJ4Ng:19 -> 3rtzSsuJ4Ng.19.json (img 1280x720, prompt_len=1203, tokens=8, 0.87s)
[   11/100] OK  3rtzSsuJ4Ng:143 -> 3rtzSsuJ4Ng.143.json (img 1280x720, prompt_len=1203, tokens=624, 41.17s)
[   12/100] OK  3rtzSsuJ4Ng:163 -> 3rtzSsuJ4Ng.163.json (img 1280x720, prompt_len=1203, tokens=8, 0.87s)
[   13/100] OK  4eWzsx1vAi8:64 -> 4eWzsx1vAi8.64.json (img 1280x720, prompt_len=1203, tokens=425, 28.11s)
[   14/100] OK  4eWzsx1vAi8:66 -> 4eWzsx1vAi8.66.json (img 1280x720, prompt_len=1203, tokens=248, 16.59s)
[   15/100] OK  4eWzsx1vAi8:94 -> 4eWzsx1vAi8.94.json (img 1280x720, prompt_len=1203, tokens=247, 16.54s)
[   16/100] OK  4eWzsx1vAi8:196 -> 4eWzsx1vAi8.196.json (img 1280x720, prompt_len=1203, tokens=567, 37.42s)
[   17/100] OK  8fVUcbC8MgM:24 -> 8fVUcbC8MgM.24.json (img 1280x719, prompt_len=1203, tokens=777, 51.15s)
[   18/100] OK  8fVUcbC8MgM:73 -> 8fVUcbC8MgM.73.json (img 1280x719, prompt_len=1203, tokens=507, 33.55s)
[   19/100] OK  8fVUcbC8MgM:231 -> 8fVUcbC8MgM.231.json (img 1280x719, prompt_len=1203, tokens=640, 42.26s)
[   20/100] OK  8fVUcbC8MgM:286 -> 8fVUcbC8MgM.286.json (img 1280x719, prompt_len=1203, tokens=467, 30.93s)
[   21/100] OK  Aa4rc5Exz24:50 -> Aa4rc5Exz24.50.json (img 1280x720, prompt_len=1203, tokens=297, 19.80s)
[   22/100] OK  Aa4rc5Exz24:91 -> Aa4rc5Exz24.91.json (img 1280x720, prompt_len=1203, tokens=299, 19.92s)
[   23/100] OK  Aa4rc5Exz24:99 -> Aa4rc5Exz24.99.json (img 1280x720, prompt_len=1203, tokens=294, 19.61s)
[   24/100] OK  Aa4rc5Exz24:139 -> Aa4rc5Exz24.139.json (img 1280x720, prompt_len=1203, tokens=360, 23.94s)
[   25/100] OK  BByjyvBp6gI:88 -> BByjyvBp6gI.88.json (img 1280x720, prompt_len=1203, tokens=379, 25.20s)
[   26/100] OK  BByjyvBp6gI:89 -> BByjyvBp6gI.89.json (img 1280x720, prompt_len=1203, tokens=383, 25.43s)
[   27/100] OK  BByjyvBp6gI:244 -> BByjyvBp6gI.244.json (img 1280x720, prompt_len=1203, tokens=427, 28.27s)
[   28/100] OK  BByjyvBp6gI:265 -> BByjyvBp6gI.265.json (img 1280x720, prompt_len=1203, tokens=517, 34.14s)
[   29/100] OK  Gf4eEhDpxgk:7 -> Gf4eEhDpxgk.7.json (img 1278x720, prompt_len=1203, tokens=466, 30.81s)
[   30/100] OK  Gf4eEhDpxgk:32 -> Gf4eEhDpxgk.32.json (img 1278x720, prompt_len=1203, tokens=304, 20.25s)
[   31/100] OK  Gf4eEhDpxgk:157 -> Gf4eEhDpxgk.157.json (img 1278x720, prompt_len=1203, tokens=251, 16.79s)
[   32/100] OK  Gf4eEhDpxgk:166 -> Gf4eEhDpxgk.166.json (img 1278x720, prompt_len=1203, tokens=298, 19.86s)
[   33/100] OK  I9nR5rDP7nQ:18 -> I9nR5rDP7nQ.18.json (img 1280x720, prompt_len=1203, tokens=418, 27.70s)
[   34/100] OK  I9nR5rDP7nQ:72 -> I9nR5rDP7nQ.72.json (img 1280x720, prompt_len=1203, tokens=227, 15.23s)
[   35/100] OK  I9nR5rDP7nQ:203 -> I9nR5rDP7nQ.203.json (img 1280x720, prompt_len=1203, tokens=971, 63.96s)
[   36/100] OK  I9nR5rDP7nQ:244 -> I9nR5rDP7nQ.244.json (img 1280x720, prompt_len=1203, tokens=204, 13.73s)
[   37/100] OK  JzU12Qf5FPg:126 -> JzU12Qf5FPg.126.json (img 960x720, prompt_len=987, tokens=559, 36.87s)
[   38/100] OK  JzU12Qf5FPg:436 -> JzU12Qf5FPg.436.json (img 960x720, prompt_len=987, tokens=484, 31.97s)
[   39/100] OK  JzU12Qf5FPg:484 -> JzU12Qf5FPg.484.json (img 960x720, prompt_len=987, tokens=420, 27.83s)
[   40/100] OK  JzU12Qf5FPg:503 -> JzU12Qf5FPg.503.json (img 960x720, prompt_len=987, tokens=439, 28.99s)
[   41/100] OK  M5TwnzHdT2Q:58 -> M5TwnzHdT2Q.58.json (img 1280x720, prompt_len=1203, tokens=360, 23.96s)
[   42/100] OK  M5TwnzHdT2Q:65 -> M5TwnzHdT2Q.65.json (img 1280x720, prompt_len=1203, tokens=432, 28.66s)
[   43/100] OK  M5TwnzHdT2Q:67 -> M5TwnzHdT2Q.67.json (img 1280x720, prompt_len=1203, tokens=309, 20.63s)
[   44/100] OK  M5TwnzHdT2Q:69 -> M5TwnzHdT2Q.69.json (img 1280x720, prompt_len=1203, tokens=303, 20.18s)
[   45/100] OK  N3xXYO9UYxU:131 -> N3xXYO9UYxU.131.json (img 960x720, prompt_len=987, tokens=370, 24.49s)
[   46/100] OK  N3xXYO9UYxU:149 -> N3xXYO9UYxU.149.json (img 960x720, prompt_len=987, tokens=363, 24.03s)
[   47/100] OK  N3xXYO9UYxU:221 -> N3xXYO9UYxU.221.json (img 960x720, prompt_len=987, tokens=488, 32.28s)
[   48/100] OK  N3xXYO9UYxU:222 -> N3xXYO9UYxU.222.json (img 960x720, prompt_len=987, tokens=368, 24.38s)
[   49/100] OK  Nbl97Bp3Kzw:27 -> Nbl97Bp3Kzw.27.json (img 1280x720, prompt_len=1203, tokens=67, 4.73s)
[   50/100] OK  Nbl97Bp3Kzw:57 -> Nbl97Bp3Kzw.57.json (img 1280x720, prompt_len=1203, tokens=243, 16.24s)
[   51/100] OK  Nbl97Bp3Kzw:130 -> Nbl97Bp3Kzw.130.json (img 1280x720, prompt_len=1203, tokens=357, 23.74s)
[   52/100] OK  Nbl97Bp3Kzw:156 -> Nbl97Bp3Kzw.156.json (img 1280x720, prompt_len=1203, tokens=414, 27.39s)
[   53/100] OK  TFJ6oR89Vb8:55 -> TFJ6oR89Vb8.55.json (img 1280x720, prompt_len=1203, tokens=298, 19.89s)
[   54/100] OK  TFJ6oR89Vb8:91 -> TFJ6oR89Vb8.91.json (img 1280x720, prompt_len=1203, tokens=305, 20.34s)
[   55/100] OK  TFJ6oR89Vb8:95 -> TFJ6oR89Vb8.95.json (img 1280x720, prompt_len=1203, tokens=245, 16.40s)
[   56/100] OK  TFJ6oR89Vb8:125 -> TFJ6oR89Vb8.125.json (img 1280x720, prompt_len=1203, tokens=326, 21.71s)
[   57/100] OK  VcIF3HOI9wI:37 -> VcIF3HOI9wI.37.json (img 1280x720, prompt_len=1203, tokens=360, 23.93s)
[   58/100] OK  VcIF3HOI9wI:185 -> VcIF3HOI9wI.185.json (img 1280x720, prompt_len=1203, tokens=423, 28.03s)
[   59/100] OK  VcIF3HOI9wI:255 -> VcIF3HOI9wI.255.json (img 1280x720, prompt_len=1203, tokens=533, 35.26s)
[   60/100] OK  VcIF3HOI9wI:276 -> VcIF3HOI9wI.276.json (img 1280x720, prompt_len=1203, tokens=514, 34.00s)
[   61/100] OK  XsALTvYUTI8:27 -> XsALTvYUTI8.27.json (img 1280x720, prompt_len=1203, tokens=177, 11.95s)
[   62/100] OK  XsALTvYUTI8:105 -> XsALTvYUTI8.105.json (img 1280x720, prompt_len=1203, tokens=258, 17.26s)
[   63/100] OK  XsALTvYUTI8:122 -> XsALTvYUTI8.122.json (img 1280x720, prompt_len=1203, tokens=243, 16.29s)
[   64/100] OK  XsALTvYUTI8:135 -> XsALTvYUTI8.135.json (img 1280x720, prompt_len=1203, tokens=179, 12.06s)
[   65/100] OK  YMcabXHzylg:33 -> YMcabXHzylg.33.json (img 1280x720, prompt_len=1203, tokens=307, 20.54s)
[   66/100] OK  YMcabXHzylg:69 -> YMcabXHzylg.69.json (img 1280x720, prompt_len=1203, tokens=175, 11.82s)
[   67/100] OK  YMcabXHzylg:102 -> YMcabXHzylg.102.json (img 1280x720, prompt_len=1203, tokens=232, 15.54s)
[   68/100] OK  YMcabXHzylg:308 -> YMcabXHzylg.308.json (img 1280x720, prompt_len=1203, tokens=175, 11.78s)
[   69/100] OK  YSes0R7EksY:206 -> YSes0R7EksY.206.json (img 1280x720, prompt_len=1203, tokens=734, 48.43s)
[   70/100] OK  YSes0R7EksY:306 -> YSes0R7EksY.306.json (img 1280x720, prompt_len=1203, tokens=304, 20.23s)
[   71/100] OK  YSes0R7EksY:368 -> YSes0R7EksY.368.json (img 1280x720, prompt_len=1203, tokens=817, 53.94s)
[   72/100] OK  YSes0R7EksY:430 -> YSes0R7EksY.430.json (img 1280x720, prompt_len=1203, tokens=604, 39.81s)
[   73/100] OK  Zi0Ou5dfsWs:25 -> Zi0Ou5dfsWs.25.json (img 1280x720, prompt_len=1203, tokens=186, 12.51s)
[   74/100] OK  Zi0Ou5dfsWs:389 -> Zi0Ou5dfsWs.389.json (img 1280x720, prompt_len=1203, tokens=388, 25.72s)
[   75/100] OK  Zi0Ou5dfsWs:418 -> Zi0Ou5dfsWs.418.json (img 1280x720, prompt_len=1203, tokens=371, 24.62s)
[   76/100] OK  Zi0Ou5dfsWs:423 -> Zi0Ou5dfsWs.423.json (img 1280x720, prompt_len=1203, tokens=298, 19.87s)
[   77/100] OK  coYqrXsDPdU:24 -> coYqrXsDPdU.24.json (img 960x720, prompt_len=987, tokens=179, 11.97s)
[   78/100] OK  coYqrXsDPdU:99 -> coYqrXsDPdU.99.json (img 960x720, prompt_len=987, tokens=245, 16.27s)
[   79/100] OK  coYqrXsDPdU:118 -> coYqrXsDPdU.118.json (img 960x720, prompt_len=987, tokens=180, 12.03s)
[   80/100] OK  coYqrXsDPdU:257 -> coYqrXsDPdU.257.json (img 960x720, prompt_len=987, tokens=193, 12.88s)
[   81/100] OK  hXkepSgN_zo:1 -> hXkepSgN_zo.1.json (img 1280x720, prompt_len=1203, tokens=693, 45.79s)
[   82/100] OK  hXkepSgN_zo:59 -> hXkepSgN_zo.59.json (img 1280x720, prompt_len=1203, tokens=252, 16.83s)
[   83/100] OK  hXkepSgN_zo:186 -> hXkepSgN_zo.186.json (img 1280x720, prompt_len=1203, tokens=172, 11.61s)
[   84/100] OK  hXkepSgN_zo:197 -> hXkepSgN_zo.197.json (img 1280x720, prompt_len=1203, tokens=178, 11.99s)
[   85/100] OK  n2Tq29hTKgM:86 -> n2Tq29hTKgM.86.json (img 960x720, prompt_len=987, tokens=177, 11.85s)
[   86/100] OK  n2Tq29hTKgM:282 -> n2Tq29hTKgM.282.json (img 960x720, prompt_len=987, tokens=305, 20.20s)
[   87/100] OK  n2Tq29hTKgM:323 -> n2Tq29hTKgM.323.json (img 960x720, prompt_len=987, tokens=419, 27.68s)
[   88/100] OK  n2Tq29hTKgM:525 -> n2Tq29hTKgM.525.json (img 960x720, prompt_len=987, tokens=373, 24.63s)
[   89/100] OK  oP6PR4KfH0A:29 -> oP6PR4KfH0A.29.json (img 1280x720, prompt_len=1203, tokens=296, 19.72s)
[   90/100] OK  oP6PR4KfH0A:30 -> oP6PR4KfH0A.30.json (img 1280x720, prompt_len=1203, tokens=298, 19.87s)
[   91/100] OK  oP6PR4KfH0A:72 -> oP6PR4KfH0A.72.json (img 1280x720, prompt_len=1203, tokens=306, 20.37s)
[   92/100] OK  oP6PR4KfH0A:392 -> oP6PR4KfH0A.392.json (img 1280x720, prompt_len=1203, tokens=407, 27.04s)
[   93/100] OK  pluBtIfxUvE:128 -> pluBtIfxUvE.128.json (img 1280x720, prompt_len=1203, tokens=179, 12.08s)
[   94/100] OK  pluBtIfxUvE:153 -> pluBtIfxUvE.153.json (img 1280x720, prompt_len=1203, tokens=170, 11.48s)
[   95/100] OK  pluBtIfxUvE:180 -> pluBtIfxUvE.180.json (img 1280x720, prompt_len=1203, tokens=285, 19.07s)
[   96/100] OK  pluBtIfxUvE:194 -> pluBtIfxUvE.194.json (img 1280x720, prompt_len=1203, tokens=328, 21.84s)
[   97/100] OK  usexIHfWXK8:68 -> usexIHfWXK8.68.json (img 1280x720, prompt_len=1203, tokens=313, 20.84s)
[   98/100] OK  usexIHfWXK8:95 -> usexIHfWXK8.95.json (img 1280x720, prompt_len=1203, tokens=8, 0.87s)
[   99/100] OK  usexIHfWXK8:111 -> usexIHfWXK8.111.json (img 1280x720, prompt_len=1203, tokens=340, 22.65s)
[  100/100] OK  usexIHfWXK8:135 -> usexIHfWXK8.135.json (img 1280x720, prompt_len=1203, tokens=314, 20.88s)
[DONE] Wrote predictions to /mnt/scratch/l_watson/checkpointExperiment/preds/3B-QKVO-Gate/2
[DONE] Manifest: /mnt/scratch/l_watson/checkpointExperiment/preds/3B-QKVO-Gate/2/manifest.csv
