/mnt/scratch/l_watson/batchinfer/venv/lib/python3.12/site-packages/transformers/utils/hub.py:111: FutureWarning: Using `TRANSFORMERS_CACHE` is deprecated and will be removed in v5 of Transformers. Use `HF_HOME` instead.
  warnings.warn(
`torch_dtype` is deprecated! Use `dtype` instead!
Loading checkpoint shards:   0%|          | 0/2 [00:00<?, ?it/s]Loading checkpoint shards:  50%|█████     | 1/2 [00:00<00:00,  1.65it/s]Loading checkpoint shards: 100%|██████████| 2/2 [00:01<00:00,  2.06it/s]Loading checkpoint shards: 100%|██████████| 2/2 [00:01<00:00,  1.98it/s]
/mnt/scratch/l_watson/batchinfer/venv/lib/python3.12/site-packages/torch/cuda/__init__.py:829: UserWarning: Can't initialize NVML
  warnings.warn("Can't initialize NVML")
[INFO] Test items: 100  (processing: 100)
[    1/100] OK  0JVmVXLrNZo:23 -> 0JVmVXLrNZo.23.json (img 1280x720, prompt_len=1203, tokens=181, 12.69s)
[    2/100] OK  0JVmVXLrNZo:62 -> 0JVmVXLrNZo.62.json (img 1280x720, prompt_len=1203, tokens=202, 13.43s)
[    3/100] OK  0JVmVXLrNZo:64 -> 0JVmVXLrNZo.64.json (img 1280x720, prompt_len=1203, tokens=201, 13.37s)
[    4/100] OK  0JVmVXLrNZo:150 -> 0JVmVXLrNZo.150.json (img 1280x720, prompt_len=1203, tokens=174, 11.58s)
[    5/100] OK  1mB0G1AwUPg:99 -> 1mB0G1AwUPg.99.json (img 1280x720, prompt_len=1203, tokens=566, 36.86s)
[    6/100] OK  1mB0G1AwUPg:279 -> 1mB0G1AwUPg.279.json (img 1280x720, prompt_len=1203, tokens=558, 36.42s)
[    7/100] OK  1mB0G1AwUPg:290 -> 1mB0G1AwUPg.290.json (img 1280x720, prompt_len=1203, tokens=769, 50.01s)
[    8/100] OK  1mB0G1AwUPg:304 -> 1mB0G1AwUPg.304.json (img 1280x720, prompt_len=1203, tokens=576, 37.56s)
[    9/100] OK  3rtzSsuJ4Ng:5 -> 3rtzSsuJ4Ng.5.json (img 1280x720, prompt_len=1203, tokens=403, 26.41s)
[   10/100] OK  3rtzSsuJ4Ng:19 -> 3rtzSsuJ4Ng.19.json (img 1280x720, prompt_len=1203, tokens=8, 0.86s)
[   11/100] OK  3rtzSsuJ4Ng:143 -> 3rtzSsuJ4Ng.143.json (img 1280x720, prompt_len=1203, tokens=822, 53.46s)
[   12/100] OK  3rtzSsuJ4Ng:163 -> 3rtzSsuJ4Ng.163.json (img 1280x720, prompt_len=1203, tokens=8, 0.87s)
[   13/100] OK  4eWzsx1vAi8:64 -> 4eWzsx1vAi8.64.json (img 1280x720, prompt_len=1203, tokens=336, 22.09s)
[   14/100] OK  4eWzsx1vAi8:66 -> 4eWzsx1vAi8.66.json (img 1280x720, prompt_len=1203, tokens=347, 22.80s)
[   15/100] OK  4eWzsx1vAi8:94 -> 4eWzsx1vAi8.94.json (img 1280x720, prompt_len=1203, tokens=284, 18.68s)
[   16/100] OK  4eWzsx1vAi8:196 -> 4eWzsx1vAi8.196.json (img 1280x720, prompt_len=1203, tokens=375, 24.60s)
[   17/100] OK  8fVUcbC8MgM:24 -> 8fVUcbC8MgM.24.json (img 1280x719, prompt_len=1203, tokens=764, 49.65s)
[   18/100] OK  8fVUcbC8MgM:73 -> 8fVUcbC8MgM.73.json (img 1280x719, prompt_len=1203, tokens=434, 28.36s)
[   19/100] BAD 8fVUcbC8MgM:231 -> 8fVUcbC8MgM.231.raw.txt (img 1280x719, prompt_len=1203, tokens=4096, 265.18s)
[   20/100] OK  8fVUcbC8MgM:286 -> 8fVUcbC8MgM.286.json (img 1280x719, prompt_len=1203, tokens=385, 25.27s)
[   21/100] OK  Aa4rc5Exz24:50 -> Aa4rc5Exz24.50.json (img 1280x720, prompt_len=1203, tokens=361, 23.69s)
[   22/100] OK  Aa4rc5Exz24:91 -> Aa4rc5Exz24.91.json (img 1280x720, prompt_len=1203, tokens=358, 23.51s)
[   23/100] OK  Aa4rc5Exz24:99 -> Aa4rc5Exz24.99.json (img 1280x720, prompt_len=1203, tokens=302, 19.89s)
[   24/100] OK  Aa4rc5Exz24:139 -> Aa4rc5Exz24.139.json (img 1280x720, prompt_len=1203, tokens=359, 23.56s)
[   25/100] OK  BByjyvBp6gI:88 -> BByjyvBp6gI.88.json (img 1280x720, prompt_len=1203, tokens=296, 19.53s)
[   26/100] OK  BByjyvBp6gI:89 -> BByjyvBp6gI.89.json (img 1280x720, prompt_len=1203, tokens=266, 17.56s)
[   27/100] OK  BByjyvBp6gI:244 -> BByjyvBp6gI.244.json (img 1280x720, prompt_len=1203, tokens=426, 27.92s)
[   28/100] OK  BByjyvBp6gI:265 -> BByjyvBp6gI.265.json (img 1280x720, prompt_len=1203, tokens=489, 31.98s)
[   29/100] OK  Gf4eEhDpxgk:7 -> Gf4eEhDpxgk.7.json (img 1278x720, prompt_len=1203, tokens=491, 32.11s)
[   30/100] OK  Gf4eEhDpxgk:32 -> Gf4eEhDpxgk.32.json (img 1278x720, prompt_len=1203, tokens=314, 20.71s)
[   31/100] OK  Gf4eEhDpxgk:157 -> Gf4eEhDpxgk.157.json (img 1278x720, prompt_len=1203, tokens=248, 16.41s)
[   32/100] OK  Gf4eEhDpxgk:166 -> Gf4eEhDpxgk.166.json (img 1278x720, prompt_len=1203, tokens=300, 19.75s)
[   33/100] OK  I9nR5rDP7nQ:18 -> I9nR5rDP7nQ.18.json (img 1280x720, prompt_len=1203, tokens=386, 25.30s)
[   34/100] OK  I9nR5rDP7nQ:72 -> I9nR5rDP7nQ.72.json (img 1280x720, prompt_len=1203, tokens=169, 11.28s)
[   35/100] OK  I9nR5rDP7nQ:203 -> I9nR5rDP7nQ.203.json (img 1280x720, prompt_len=1203, tokens=854, 55.60s)
[   36/100] OK  I9nR5rDP7nQ:244 -> I9nR5rDP7nQ.244.json (img 1280x720, prompt_len=1203, tokens=199, 13.20s)
[   37/100] OK  JzU12Qf5FPg:126 -> JzU12Qf5FPg.126.json (img 960x720, prompt_len=987, tokens=567, 36.95s)
[   38/100] OK  JzU12Qf5FPg:436 -> JzU12Qf5FPg.436.json (img 960x720, prompt_len=987, tokens=475, 31.02s)
[   39/100] OK  JzU12Qf5FPg:484 -> JzU12Qf5FPg.484.json (img 960x720, prompt_len=987, tokens=397, 25.95s)
[   40/100] OK  JzU12Qf5FPg:503 -> JzU12Qf5FPg.503.json (img 960x720, prompt_len=987, tokens=418, 27.33s)
[   41/100] OK  M5TwnzHdT2Q:58 -> M5TwnzHdT2Q.58.json (img 1280x720, prompt_len=1203, tokens=338, 22.25s)
[   42/100] OK  M5TwnzHdT2Q:65 -> M5TwnzHdT2Q.65.json (img 1280x720, prompt_len=1203, tokens=370, 24.26s)
[   43/100] OK  M5TwnzHdT2Q:67 -> M5TwnzHdT2Q.67.json (img 1280x720, prompt_len=1203, tokens=306, 20.18s)
[   44/100] OK  M5TwnzHdT2Q:69 -> M5TwnzHdT2Q.69.json (img 1280x720, prompt_len=1203, tokens=305, 20.05s)
[   45/100] OK  N3xXYO9UYxU:131 -> N3xXYO9UYxU.131.json (img 960x720, prompt_len=987, tokens=295, 19.35s)
[   46/100] OK  N3xXYO9UYxU:149 -> N3xXYO9UYxU.149.json (img 960x720, prompt_len=987, tokens=312, 20.37s)
[   47/100] OK  N3xXYO9UYxU:221 -> N3xXYO9UYxU.221.json (img 960x720, prompt_len=987, tokens=484, 31.52s)
[   48/100] OK  N3xXYO9UYxU:222 -> N3xXYO9UYxU.222.json (img 960x720, prompt_len=987, tokens=367, 24.05s)
[   49/100] OK  Nbl97Bp3Kzw:27 -> Nbl97Bp3Kzw.27.json (img 1280x720, prompt_len=1203, tokens=104, 7.08s)
[   50/100] OK  Nbl97Bp3Kzw:57 -> Nbl97Bp3Kzw.57.json (img 1280x720, prompt_len=1203, tokens=305, 20.08s)
[   51/100] OK  Nbl97Bp3Kzw:130 -> Nbl97Bp3Kzw.130.json (img 1280x720, prompt_len=1203, tokens=425, 27.82s)
[   52/100] OK  Nbl97Bp3Kzw:156 -> Nbl97Bp3Kzw.156.json (img 1280x720, prompt_len=1203, tokens=372, 24.39s)
[   53/100] OK  TFJ6oR89Vb8:55 -> TFJ6oR89Vb8.55.json (img 1280x720, prompt_len=1203, tokens=301, 19.89s)
[   54/100] OK  TFJ6oR89Vb8:91 -> TFJ6oR89Vb8.91.json (img 1280x720, prompt_len=1203, tokens=305, 20.09s)
[   55/100] OK  TFJ6oR89Vb8:95 -> TFJ6oR89Vb8.95.json (img 1280x720, prompt_len=1203, tokens=305, 20.10s)
[   56/100] OK  TFJ6oR89Vb8:125 -> TFJ6oR89Vb8.125.json (img 1280x720, prompt_len=1203, tokens=322, 21.16s)
[   57/100] OK  VcIF3HOI9wI:37 -> VcIF3HOI9wI.37.json (img 1280x720, prompt_len=1203, tokens=364, 23.89s)
[   58/100] OK  VcIF3HOI9wI:185 -> VcIF3HOI9wI.185.json (img 1280x720, prompt_len=1203, tokens=524, 34.23s)
[   59/100] OK  VcIF3HOI9wI:255 -> VcIF3HOI9wI.255.json (img 1280x720, prompt_len=1203, tokens=543, 35.53s)
[   60/100] OK  VcIF3HOI9wI:276 -> VcIF3HOI9wI.276.json (img 1280x720, prompt_len=1203, tokens=434, 28.42s)
[   61/100] OK  XsALTvYUTI8:27 -> XsALTvYUTI8.27.json (img 1280x720, prompt_len=1203, tokens=175, 11.67s)
[   62/100] OK  XsALTvYUTI8:105 -> XsALTvYUTI8.105.json (img 1280x720, prompt_len=1203, tokens=241, 15.95s)
[   63/100] OK  XsALTvYUTI8:122 -> XsALTvYUTI8.122.json (img 1280x720, prompt_len=1203, tokens=248, 16.41s)
[   64/100] OK  XsALTvYUTI8:135 -> XsALTvYUTI8.135.json (img 1280x720, prompt_len=1203, tokens=184, 12.27s)
[   65/100] OK  YMcabXHzylg:33 -> YMcabXHzylg.33.json (img 1280x720, prompt_len=1203, tokens=312, 20.56s)
[   66/100] OK  YMcabXHzylg:69 -> YMcabXHzylg.69.json (img 1280x720, prompt_len=1203, tokens=178, 11.86s)
[   67/100] OK  YMcabXHzylg:102 -> YMcabXHzylg.102.json (img 1280x720, prompt_len=1203, tokens=235, 15.59s)
[   68/100] OK  YMcabXHzylg:308 -> YMcabXHzylg.308.json (img 1280x720, prompt_len=1203, tokens=173, 11.54s)
[   69/100] OK  YSes0R7EksY:206 -> YSes0R7EksY.206.json (img 1280x720, prompt_len=1203, tokens=935, 60.71s)
[   70/100] OK  YSes0R7EksY:306 -> YSes0R7EksY.306.json (img 1280x720, prompt_len=1203, tokens=244, 16.11s)
[   71/100] OK  YSes0R7EksY:368 -> YSes0R7EksY.368.json (img 1280x720, prompt_len=1203, tokens=656, 42.81s)
[   72/100] OK  YSes0R7EksY:430 -> YSes0R7EksY.430.json (img 1280x720, prompt_len=1203, tokens=844, 55.03s)
[   73/100] OK  Zi0Ou5dfsWs:25 -> Zi0Ou5dfsWs.25.json (img 1280x720, prompt_len=1203, tokens=183, 12.19s)
[   74/100] OK  Zi0Ou5dfsWs:389 -> Zi0Ou5dfsWs.389.json (img 1280x720, prompt_len=1203, tokens=331, 21.75s)
[   75/100] OK  Zi0Ou5dfsWs:418 -> Zi0Ou5dfsWs.418.json (img 1280x720, prompt_len=1203, tokens=410, 26.86s)
[   76/100] OK  Zi0Ou5dfsWs:423 -> Zi0Ou5dfsWs.423.json (img 1280x720, prompt_len=1203, tokens=248, 16.38s)
[   77/100] OK  coYqrXsDPdU:24 -> coYqrXsDPdU.24.json (img 960x720, prompt_len=987, tokens=179, 11.84s)
[   78/100] OK  coYqrXsDPdU:99 -> coYqrXsDPdU.99.json (img 960x720, prompt_len=987, tokens=237, 15.59s)
[   79/100] OK  coYqrXsDPdU:118 -> coYqrXsDPdU.118.json (img 960x720, prompt_len=987, tokens=176, 11.64s)
[   80/100] OK  coYqrXsDPdU:257 -> coYqrXsDPdU.257.json (img 960x720, prompt_len=987, tokens=193, 12.78s)
[   81/100] OK  hXkepSgN_zo:1 -> hXkepSgN_zo.1.json (img 1280x720, prompt_len=1203, tokens=596, 38.91s)
[   82/100] OK  hXkepSgN_zo:59 -> hXkepSgN_zo.59.json (img 1280x720, prompt_len=1203, tokens=255, 16.85s)
[   83/100] OK  hXkepSgN_zo:186 -> hXkepSgN_zo.186.json (img 1280x720, prompt_len=1203, tokens=177, 11.78s)
[   84/100] OK  hXkepSgN_zo:197 -> hXkepSgN_zo.197.json (img 1280x720, prompt_len=1203, tokens=176, 11.73s)
[   85/100] OK  n2Tq29hTKgM:86 -> n2Tq29hTKgM.86.json (img 960x720, prompt_len=987, tokens=237, 15.60s)
[   86/100] OK  n2Tq29hTKgM:282 -> n2Tq29hTKgM.282.json (img 960x720, prompt_len=987, tokens=298, 19.50s)
[   87/100] OK  n2Tq29hTKgM:323 -> n2Tq29hTKgM.323.json (img 960x720, prompt_len=987, tokens=356, 23.27s)
[   88/100] OK  n2Tq29hTKgM:525 -> n2Tq29hTKgM.525.json (img 960x720, prompt_len=987, tokens=294, 19.26s)
[   89/100] OK  oP6PR4KfH0A:29 -> oP6PR4KfH0A.29.json (img 1280x720, prompt_len=1203, tokens=296, 19.51s)
[   90/100] OK  oP6PR4KfH0A:30 -> oP6PR4KfH0A.30.json (img 1280x720, prompt_len=1203, tokens=302, 19.90s)
[   91/100] OK  oP6PR4KfH0A:72 -> oP6PR4KfH0A.72.json (img 1280x720, prompt_len=1203, tokens=305, 20.09s)
[   92/100] OK  oP6PR4KfH0A:392 -> oP6PR4KfH0A.392.json (img 1280x720, prompt_len=1203, tokens=356, 23.35s)
[   93/100] OK  pluBtIfxUvE:128 -> pluBtIfxUvE.128.json (img 1280x720, prompt_len=1203, tokens=175, 11.68s)
[   94/100] OK  pluBtIfxUvE:153 -> pluBtIfxUvE.153.json (img 1280x720, prompt_len=1203, tokens=171, 11.41s)
[   95/100] OK  pluBtIfxUvE:180 -> pluBtIfxUvE.180.json (img 1280x720, prompt_len=1203, tokens=233, 15.43s)
[   96/100] OK  pluBtIfxUvE:194 -> pluBtIfxUvE.194.json (img 1280x720, prompt_len=1203, tokens=314, 20.65s)
[   97/100] OK  usexIHfWXK8:68 -> usexIHfWXK8.68.json (img 1280x720, prompt_len=1203, tokens=368, 24.10s)
[   98/100] OK  usexIHfWXK8:95 -> usexIHfWXK8.95.json (img 1280x720, prompt_len=1203, tokens=8, 0.86s)
[   99/100] OK  usexIHfWXK8:111 -> usexIHfWXK8.111.json (img 1280x720, prompt_len=1203, tokens=332, 21.79s)
[  100/100] OK  usexIHfWXK8:135 -> usexIHfWXK8.135.json (img 1280x720, prompt_len=1203, tokens=321, 21.09s)
[DONE] Wrote predictions to /mnt/scratch/l_watson/checkpointExperiment/preds/3B-QKVO-Gate/3
[DONE] Manifest: /mnt/scratch/l_watson/checkpointExperiment/preds/3B-QKVO-Gate/3/manifest.csv
