/mnt/scratch/l_watson/batchinfer/venv/lib/python3.12/site-packages/transformers/utils/hub.py:111: FutureWarning: Using `TRANSFORMERS_CACHE` is deprecated and will be removed in v5 of Transformers. Use `HF_HOME` instead.
  warnings.warn(
`torch_dtype` is deprecated! Use `dtype` instead!
Loading checkpoint shards:   0%|          | 0/2 [00:00<?, ?it/s]Loading checkpoint shards:  50%|█████     | 1/2 [00:00<00:00,  1.61it/s]Loading checkpoint shards: 100%|██████████| 2/2 [00:01<00:00,  2.00it/s]Loading checkpoint shards: 100%|██████████| 2/2 [00:01<00:00,  1.93it/s]
/mnt/scratch/l_watson/batchinfer/venv/lib/python3.12/site-packages/torch/cuda/__init__.py:829: UserWarning: Can't initialize NVML
  warnings.warn("Can't initialize NVML")
[INFO] Test items: 100  (processing: 100)
[    1/100] OK  0JVmVXLrNZo:23 -> 0JVmVXLrNZo.23.json (img 1280x720, prompt_len=1203, tokens=232, 16.48s)
[    2/100] OK  0JVmVXLrNZo:62 -> 0JVmVXLrNZo.62.json (img 1280x720, prompt_len=1203, tokens=182, 12.45s)
[    3/100] OK  0JVmVXLrNZo:64 -> 0JVmVXLrNZo.64.json (img 1280x720, prompt_len=1203, tokens=185, 12.63s)
[    4/100] OK  0JVmVXLrNZo:150 -> 0JVmVXLrNZo.150.json (img 1280x720, prompt_len=1203, tokens=185, 12.66s)
[    5/100] OK  1mB0G1AwUPg:99 -> 1mB0G1AwUPg.99.json (img 1280x720, prompt_len=1203, tokens=552, 37.11s)
[    6/100] OK  1mB0G1AwUPg:279 -> 1mB0G1AwUPg.279.json (img 1280x720, prompt_len=1203, tokens=697, 46.94s)
[    7/100] OK  1mB0G1AwUPg:290 -> 1mB0G1AwUPg.290.json (img 1280x720, prompt_len=1203, tokens=567, 38.13s)
[    8/100] OK  1mB0G1AwUPg:304 -> 1mB0G1AwUPg.304.json (img 1280x720, prompt_len=1203, tokens=540, 36.42s)
[    9/100] OK  3rtzSsuJ4Ng:5 -> 3rtzSsuJ4Ng.5.json (img 1280x720, prompt_len=1203, tokens=400, 27.03s)
[   10/100] OK  3rtzSsuJ4Ng:19 -> 3rtzSsuJ4Ng.19.json (img 1280x720, prompt_len=1203, tokens=8, 0.79s)
[   11/100] OK  3rtzSsuJ4Ng:143 -> 3rtzSsuJ4Ng.143.json (img 1280x720, prompt_len=1203, tokens=642, 43.14s)
[   12/100] OK  3rtzSsuJ4Ng:163 -> 3rtzSsuJ4Ng.163.json (img 1280x720, prompt_len=1203, tokens=8, 0.79s)
[   13/100] OK  4eWzsx1vAi8:64 -> 4eWzsx1vAi8.64.json (img 1280x720, prompt_len=1203, tokens=372, 25.16s)
[   14/100] OK  4eWzsx1vAi8:66 -> 4eWzsx1vAi8.66.json (img 1280x720, prompt_len=1203, tokens=382, 25.78s)
[   15/100] OK  4eWzsx1vAi8:94 -> 4eWzsx1vAi8.94.json (img 1280x720, prompt_len=1203, tokens=246, 16.71s)
[   16/100] OK  4eWzsx1vAi8:196 -> 4eWzsx1vAi8.196.json (img 1280x720, prompt_len=1203, tokens=551, 37.15s)
[   17/100] OK  8fVUcbC8MgM:24 -> 8fVUcbC8MgM.24.json (img 1280x719, prompt_len=1203, tokens=654, 43.92s)
[   18/100] OK  8fVUcbC8MgM:73 -> 8fVUcbC8MgM.73.json (img 1280x719, prompt_len=1203, tokens=362, 24.44s)
[   19/100] OK  8fVUcbC8MgM:231 -> 8fVUcbC8MgM.231.json (img 1280x719, prompt_len=1203, tokens=580, 39.03s)
[   20/100] OK  8fVUcbC8MgM:286 -> 8fVUcbC8MgM.286.json (img 1280x719, prompt_len=1203, tokens=432, 29.15s)
[   21/100] OK  Aa4rc5Exz24:50 -> Aa4rc5Exz24.50.json (img 1280x720, prompt_len=1203, tokens=352, 23.78s)
[   22/100] OK  Aa4rc5Exz24:91 -> Aa4rc5Exz24.91.json (img 1280x720, prompt_len=1203, tokens=361, 24.40s)
[   23/100] OK  Aa4rc5Exz24:99 -> Aa4rc5Exz24.99.json (img 1280x720, prompt_len=1203, tokens=294, 19.94s)
[   24/100] OK  Aa4rc5Exz24:139 -> Aa4rc5Exz24.139.json (img 1280x720, prompt_len=1203, tokens=364, 24.60s)
[   25/100] OK  BByjyvBp6gI:88 -> BByjyvBp6gI.88.json (img 1280x720, prompt_len=1203, tokens=311, 21.03s)
[   26/100] OK  BByjyvBp6gI:89 -> BByjyvBp6gI.89.json (img 1280x720, prompt_len=1203, tokens=351, 23.72s)
[   27/100] OK  BByjyvBp6gI:244 -> BByjyvBp6gI.244.json (img 1280x720, prompt_len=1203, tokens=484, 32.57s)
[   28/100] OK  BByjyvBp6gI:265 -> BByjyvBp6gI.265.json (img 1280x720, prompt_len=1203, tokens=637, 42.78s)
[   29/100] OK  Gf4eEhDpxgk:7 -> Gf4eEhDpxgk.7.json (img 1278x720, prompt_len=1203, tokens=581, 39.09s)
[   30/100] OK  Gf4eEhDpxgk:32 -> Gf4eEhDpxgk.32.json (img 1278x720, prompt_len=1203, tokens=302, 20.46s)
[   31/100] OK  Gf4eEhDpxgk:157 -> Gf4eEhDpxgk.157.json (img 1278x720, prompt_len=1203, tokens=250, 16.99s)
[   32/100] OK  Gf4eEhDpxgk:166 -> Gf4eEhDpxgk.166.json (img 1278x720, prompt_len=1203, tokens=256, 17.36s)
[   33/100] OK  I9nR5rDP7nQ:18 -> I9nR5rDP7nQ.18.json (img 1280x720, prompt_len=1203, tokens=434, 29.26s)
[   34/100] OK  I9nR5rDP7nQ:72 -> I9nR5rDP7nQ.72.json (img 1280x720, prompt_len=1203, tokens=168, 11.49s)
[   35/100] BAD I9nR5rDP7nQ:203 -> I9nR5rDP7nQ.203.raw.txt (img 1280x720, prompt_len=1203, tokens=4096, 274.33s)
[   36/100] OK  I9nR5rDP7nQ:244 -> I9nR5rDP7nQ.244.json (img 1280x720, prompt_len=1203, tokens=238, 16.18s)
[   37/100] OK  JzU12Qf5FPg:126 -> JzU12Qf5FPg.126.json (img 960x720, prompt_len=987, tokens=757, 50.79s)
[   38/100] OK  JzU12Qf5FPg:436 -> JzU12Qf5FPg.436.json (img 960x720, prompt_len=987, tokens=427, 28.80s)
[   39/100] OK  JzU12Qf5FPg:484 -> JzU12Qf5FPg.484.json (img 960x720, prompt_len=987, tokens=463, 31.18s)
[   40/100] OK  JzU12Qf5FPg:503 -> JzU12Qf5FPg.503.json (img 960x720, prompt_len=987, tokens=364, 24.58s)
[   41/100] OK  M5TwnzHdT2Q:58 -> M5TwnzHdT2Q.58.json (img 1280x720, prompt_len=1203, tokens=311, 21.07s)
[   42/100] OK  M5TwnzHdT2Q:65 -> M5TwnzHdT2Q.65.json (img 1280x720, prompt_len=1203, tokens=402, 27.16s)
[   43/100] OK  M5TwnzHdT2Q:67 -> M5TwnzHdT2Q.67.json (img 1280x720, prompt_len=1203, tokens=296, 20.11s)
[   44/100] OK  M5TwnzHdT2Q:69 -> M5TwnzHdT2Q.69.json (img 1280x720, prompt_len=1203, tokens=369, 24.99s)
[   45/100] OK  N3xXYO9UYxU:131 -> N3xXYO9UYxU.131.json (img 960x720, prompt_len=987, tokens=373, 25.13s)
[   46/100] OK  N3xXYO9UYxU:149 -> N3xXYO9UYxU.149.json (img 960x720, prompt_len=987, tokens=363, 24.46s)
[   47/100] OK  N3xXYO9UYxU:221 -> N3xXYO9UYxU.221.json (img 960x720, prompt_len=987, tokens=476, 32.04s)
[   48/100] OK  N3xXYO9UYxU:222 -> N3xXYO9UYxU.222.json (img 960x720, prompt_len=987, tokens=420, 28.27s)
[   49/100] OK  Nbl97Bp3Kzw:27 -> Nbl97Bp3Kzw.27.json (img 1280x720, prompt_len=1203, tokens=116, 8.02s)
[   50/100] OK  Nbl97Bp3Kzw:57 -> Nbl97Bp3Kzw.57.json (img 1280x720, prompt_len=1203, tokens=287, 19.47s)
[   51/100] OK  Nbl97Bp3Kzw:130 -> Nbl97Bp3Kzw.130.json (img 1280x720, prompt_len=1203, tokens=486, 32.75s)
[   52/100] OK  Nbl97Bp3Kzw:156 -> Nbl97Bp3Kzw.156.json (img 1280x720, prompt_len=1203, tokens=307, 20.81s)
[   53/100] OK  TFJ6oR89Vb8:55 -> TFJ6oR89Vb8.55.json (img 1280x720, prompt_len=1203, tokens=295, 20.00s)
[   54/100] OK  TFJ6oR89Vb8:91 -> TFJ6oR89Vb8.91.json (img 1280x720, prompt_len=1203, tokens=310, 20.99s)
[   55/100] OK  TFJ6oR89Vb8:95 -> TFJ6oR89Vb8.95.json (img 1280x720, prompt_len=1203, tokens=273, 18.55s)
[   56/100] OK  TFJ6oR89Vb8:125 -> TFJ6oR89Vb8.125.json (img 1280x720, prompt_len=1203, tokens=353, 23.90s)
[   57/100] OK  VcIF3HOI9wI:37 -> VcIF3HOI9wI.37.json (img 1280x720, prompt_len=1203, tokens=374, 25.28s)
[   58/100] OK  VcIF3HOI9wI:185 -> VcIF3HOI9wI.185.json (img 1280x720, prompt_len=1203, tokens=421, 28.40s)
[   59/100] OK  VcIF3HOI9wI:255 -> VcIF3HOI9wI.255.json (img 1280x720, prompt_len=1203, tokens=441, 29.76s)
[   60/100] OK  VcIF3HOI9wI:276 -> VcIF3HOI9wI.276.json (img 1280x720, prompt_len=1203, tokens=562, 37.82s)
[   61/100] OK  XsALTvYUTI8:27 -> XsALTvYUTI8.27.json (img 1280x720, prompt_len=1203, tokens=174, 11.89s)
[   62/100] OK  XsALTvYUTI8:105 -> XsALTvYUTI8.105.json (img 1280x720, prompt_len=1203, tokens=293, 19.87s)
[   63/100] OK  XsALTvYUTI8:122 -> XsALTvYUTI8.122.json (img 1280x720, prompt_len=1203, tokens=250, 16.98s)
[   64/100] OK  XsALTvYUTI8:135 -> XsALTvYUTI8.135.json (img 1280x720, prompt_len=1203, tokens=235, 16.00s)
[   65/100] OK  YMcabXHzylg:33 -> YMcabXHzylg.33.json (img 1280x720, prompt_len=1203, tokens=253, 17.21s)
[   66/100] OK  YMcabXHzylg:69 -> YMcabXHzylg.69.json (img 1280x720, prompt_len=1203, tokens=178, 12.18s)
[   67/100] OK  YMcabXHzylg:102 -> YMcabXHzylg.102.json (img 1280x720, prompt_len=1203, tokens=273, 18.55s)
[   68/100] OK  YMcabXHzylg:308 -> YMcabXHzylg.308.json (img 1280x720, prompt_len=1203, tokens=173, 11.84s)
[   69/100] OK  YSes0R7EksY:206 -> YSes0R7EksY.206.json (img 1280x720, prompt_len=1203, tokens=658, 44.30s)
[   70/100] OK  YSes0R7EksY:306 -> YSes0R7EksY.306.json (img 1280x720, prompt_len=1203, tokens=262, 17.77s)
[   71/100] OK  YSes0R7EksY:368 -> YSes0R7EksY.368.json (img 1280x720, prompt_len=1203, tokens=797, 53.63s)
[   72/100] OK  YSes0R7EksY:430 -> YSes0R7EksY.430.json (img 1280x720, prompt_len=1203, tokens=944, 63.41s)
[   73/100] OK  Zi0Ou5dfsWs:25 -> Zi0Ou5dfsWs.25.json (img 1280x720, prompt_len=1203, tokens=121, 8.35s)
[   74/100] OK  Zi0Ou5dfsWs:389 -> Zi0Ou5dfsWs.389.json (img 1280x720, prompt_len=1203, tokens=322, 21.78s)
[   75/100] OK  Zi0Ou5dfsWs:418 -> Zi0Ou5dfsWs.418.json (img 1280x720, prompt_len=1203, tokens=367, 24.83s)
[   76/100] OK  Zi0Ou5dfsWs:423 -> Zi0Ou5dfsWs.423.json (img 1280x720, prompt_len=1203, tokens=253, 17.16s)
[   77/100] OK  coYqrXsDPdU:24 -> coYqrXsDPdU.24.json (img 960x720, prompt_len=987, tokens=178, 12.09s)
[   78/100] OK  coYqrXsDPdU:99 -> coYqrXsDPdU.99.json (img 960x720, prompt_len=987, tokens=177, 12.01s)
[   79/100] OK  coYqrXsDPdU:118 -> coYqrXsDPdU.118.json (img 960x720, prompt_len=987, tokens=171, 11.62s)
[   80/100] OK  coYqrXsDPdU:257 -> coYqrXsDPdU.257.json (img 960x720, prompt_len=987, tokens=179, 12.15s)
[   81/100] OK  hXkepSgN_zo:1 -> hXkepSgN_zo.1.json (img 1280x720, prompt_len=1203, tokens=618, 41.51s)
[   82/100] OK  hXkepSgN_zo:59 -> hXkepSgN_zo.59.json (img 1280x720, prompt_len=1203, tokens=238, 16.17s)
[   83/100] OK  hXkepSgN_zo:186 -> hXkepSgN_zo.186.json (img 1280x720, prompt_len=1203, tokens=188, 12.84s)
[   84/100] OK  hXkepSgN_zo:197 -> hXkepSgN_zo.197.json (img 1280x720, prompt_len=1203, tokens=235, 15.96s)
[   85/100] OK  n2Tq29hTKgM:86 -> n2Tq29hTKgM.86.json (img 960x720, prompt_len=987, tokens=179, 12.16s)
[   86/100] OK  n2Tq29hTKgM:282 -> n2Tq29hTKgM.282.json (img 960x720, prompt_len=987, tokens=306, 20.66s)
[   87/100] OK  n2Tq29hTKgM:323 -> n2Tq29hTKgM.323.json (img 960x720, prompt_len=987, tokens=478, 32.16s)
[   88/100] OK  n2Tq29hTKgM:525 -> n2Tq29hTKgM.525.json (img 960x720, prompt_len=987, tokens=362, 24.39s)
[   89/100] OK  oP6PR4KfH0A:29 -> oP6PR4KfH0A.29.json (img 1280x720, prompt_len=1203, tokens=291, 19.71s)
[   90/100] OK  oP6PR4KfH0A:30 -> oP6PR4KfH0A.30.json (img 1280x720, prompt_len=1203, tokens=294, 19.91s)
[   91/100] OK  oP6PR4KfH0A:72 -> oP6PR4KfH0A.72.json (img 1280x720, prompt_len=1203, tokens=304, 20.59s)
[   92/100] OK  oP6PR4KfH0A:392 -> oP6PR4KfH0A.392.json (img 1280x720, prompt_len=1203, tokens=401, 27.05s)
[   93/100] OK  pluBtIfxUvE:128 -> pluBtIfxUvE.128.json (img 1280x720, prompt_len=1203, tokens=238, 16.18s)
[   94/100] OK  pluBtIfxUvE:153 -> pluBtIfxUvE.153.json (img 1280x720, prompt_len=1203, tokens=173, 11.83s)
[   95/100] OK  pluBtIfxUvE:180 -> pluBtIfxUvE.180.json (img 1280x720, prompt_len=1203, tokens=233, 15.83s)
[   96/100] OK  pluBtIfxUvE:194 -> pluBtIfxUvE.194.json (img 1280x720, prompt_len=1203, tokens=328, 22.18s)
[   97/100] OK  usexIHfWXK8:68 -> usexIHfWXK8.68.json (img 1280x720, prompt_len=1203, tokens=249, 16.90s)
[   98/100] OK  usexIHfWXK8:95 -> usexIHfWXK8.95.json (img 1280x720, prompt_len=1203, tokens=8, 0.79s)
[   99/100] OK  usexIHfWXK8:111 -> usexIHfWXK8.111.json (img 1280x720, prompt_len=1203, tokens=341, 23.06s)
[  100/100] OK  usexIHfWXK8:135 -> usexIHfWXK8.135.json (img 1280x720, prompt_len=1203, tokens=382, 25.81s)
[DONE] Wrote predictions to /mnt/scratch/l_watson/checkpointExperiment/preds/3B-QKVO/3
[DONE] Manifest: /mnt/scratch/l_watson/checkpointExperiment/preds/3B-QKVO/3/manifest.csv
